{"level":"info","message":"Server is running on port 8000","timestamp":"2025-03-06T04:36:20.946Z"}
{"level":"info","message":"Database connected","timestamp":"2025-03-06T04:36:21.235Z"}
{"level":"info","message":"Server is running on port 8000","timestamp":"2025-03-06T05:07:27.032Z"}
{"level":"info","message":"Database connected","timestamp":"2025-03-06T05:07:27.295Z"}
{"level":"info","message":"Login successful","timestamp":"2025-03-06T05:08:49.157Z"}
{"level":"info","message":"Server is running on port 8000","timestamp":"2025-03-06T05:11:12.919Z"}
{"level":"info","message":"Database connected","timestamp":"2025-03-06T05:11:13.139Z"}
{"level":"info","message":"Server is running on port 8000","timestamp":"2025-03-06T05:11:15.648Z"}
{"level":"info","message":"Database connected","timestamp":"2025-03-06T05:11:16.030Z"}
{"level":"info","message":"Server is running on port 8000","timestamp":"2025-03-06T05:11:54.694Z"}
{"level":"info","message":"Database connected","timestamp":"2025-03-06T05:11:54.983Z"}
{"level":"info","message":"Server is running on port 8000","timestamp":"2025-03-06T05:12:01.934Z"}
{"level":"info","message":"Database connected","timestamp":"2025-03-06T05:12:02.207Z"}
{"level":"info","message":"user success authenticated 67c6d90a6383e75104b47473","timestamp":"2025-03-06T05:12:05.701Z"}
{"level":"info","message":"Login successful","timestamp":"2025-03-06T05:12:18.017Z"}
{"level":"info","message":"Server is running on port 8000","timestamp":"2025-03-06T05:14:14.766Z"}
{"level":"info","message":"Database connected","timestamp":"2025-03-06T05:14:15.012Z"}
{"level":"info","message":"Server is running on port 8000","timestamp":"2025-03-06T05:14:22.597Z"}
{"level":"info","message":"Database connected","timestamp":"2025-03-06T05:14:22.867Z"}
{"level":"info","message":"user success authenticated 67c6d90a6383e75104b47473","timestamp":"2025-03-06T05:14:30.613Z"}
{"level":"info","message":"Login successful","timestamp":"2025-03-06T05:14:37.621Z"}
{"level":"info","message":"user success authenticated 67c6d90a6383e75104b47473","timestamp":"2025-03-06T05:20:19.848Z"}
{"level":"info","message":"Login successful","timestamp":"2025-03-06T05:20:24.947Z"}
{"level":"info","message":"user success authenticated 67c6d90a6383e75104b47473","timestamp":"2025-03-06T05:20:36.684Z"}
{"level":"info","message":"File uploaded successfully: Sanket Gaikwad_Web Developemnt.pdf","timestamp":"2025-03-06T05:20:36.861Z"}
{"level":"info","message":"File uploaded to S3: https://resume-bucket-16gsanket.s3.ap-south-1.amazonaws.com/uploads/Sanket Gaikwad_Web Developemnt.pdf","timestamp":"2025-03-06T05:20:36.862Z"}
{"level":"info","message":"File uploaded to S3: https://resume-bucket-16gsanket.s3.ap-south-1.amazonaws.com/uploads/Sanket Gaikwad_Web Developemnt.pdf","timestamp":"2025-03-06T05:20:36.862Z"}
{"level":"info","message":"Text extraction successful","timestamp":"2025-03-06T05:20:39.820Z"}
{"level":"info","message":"Server is running on port 8000","timestamp":"2025-03-06T05:23:51.417Z"}
{"level":"info","message":"Database connected","timestamp":"2025-03-06T05:23:51.661Z"}
{"level":"info","message":"Server is running on port 8000","timestamp":"2025-03-06T05:30:01.421Z"}
{"level":"info","message":"Database connected","timestamp":"2025-03-06T05:30:01.718Z"}
{"level":"info","message":"Server is running on port 8000","timestamp":"2025-03-06T05:34:43.194Z"}
{"level":"info","message":"Database connected","timestamp":"2025-03-06T05:34:43.493Z"}
{"level":"info","message":"user success authenticated 67c6d90a6383e75104b47473","timestamp":"2025-03-06T05:35:33.775Z"}
{"level":"info","message":"Server is running on port 8000","timestamp":"2025-03-06T05:37:17.897Z"}
{"level":"info","message":"Database connected","timestamp":"2025-03-06T05:37:18.150Z"}
{"level":"info","message":"Server is running on port 8000","timestamp":"2025-03-06T05:42:43.682Z"}
{"level":"info","message":"Database connected","timestamp":"2025-03-06T05:42:43.917Z"}
{"level":"info","message":"user success authenticated 67c6d90a6383e75104b47473","timestamp":"2025-03-06T05:43:53.972Z"}
{"level":"info","message":"Server is running on port 8000","timestamp":"2025-03-06T06:01:57.741Z"}
{"level":"info","message":"Database connected","timestamp":"2025-03-06T06:01:57.983Z"}
{"level":"info","message":"Server is running on port 8000","timestamp":"2025-03-06T06:02:08.320Z"}
{"level":"info","message":"Database connected","timestamp":"2025-03-06T06:02:08.564Z"}
